<?xml version="1.0" encoding="UTF-8"?>
<testng-results ignored="0" total="1" passed="1" failed="0" skipped="0">
  <reporter-output>
  </reporter-output>
  <suite started-at="2021-06-28T00:30:30 CEST" name="Default suite" finished-at="2021-06-28T00:31:00 CEST" duration-ms="29690">
    <groups>
    </groups>
    <test started-at="2021-06-28T00:30:30 CEST" name="Default test" finished-at="2021-06-28T00:31:00 CEST" duration-ms="29690">
      <class name="com.automationpractice.automationpractice">
        <test-method is-config="true" signature="beforeTest()[pri:0, instance:com.automationpractice.automationpractice@62230c58]" started-at="2021-06-28T00:30:30 CEST" name="beforeTest" finished-at="2021-06-28T00:30:30 CEST" duration-ms="21" status="PASS">
          <reporter-output>
          </reporter-output>
        </test-method> <!-- beforeTest -->
        <test-method signature="automationpracticeTest()[pri:0, instance:com.automationpractice.automationpractice@62230c58]" started-at="2021-06-28T00:30:30 CEST" name="automationpracticeTest" finished-at="2021-06-28T00:31:00 CEST" duration-ms="29585" status="PASS">
          <reporter-output>
          </reporter-output>
        </test-method> <!-- automationpracticeTest -->
        <test-method is-config="true" signature="afterTest()[pri:0, instance:com.automationpractice.automationpractice@62230c58]" started-at="2021-06-28T00:31:00 CEST" name="afterTest" finished-at="2021-06-28T00:31:00 CEST" duration-ms="1" status="PASS">
          <reporter-output>
          </reporter-output>
        </test-method> <!-- afterTest -->
      </class> <!-- com.automationpractice.automationpractice -->
    </test> <!-- Default test -->
  </suite> <!-- Default suite -->
</testng-results>
